#
# There is insufficient memory for the Java Runtime Environment to continue.
# Native memory allocation (mmap) failed to map 134217728 bytes for G1 virtual space
# Possible reasons:
#   The system is out of physical RAM or swap space
#   The process is running with CompressedOops enabled, and the Java Heap may be blocking the growth of the native heap
# Possible solutions:
#   Reduce memory load on the system
#   Increase physical memory or swap space
#   Check if swap backing store is full
#   Decrease Java heap size (-Xmx/-Xms)
#   Decrease number of Java threads
#   Decrease Java thread stack sizes (-Xss)
#   Set larger code cache with -XX:ReservedCodeCacheSize=
#   JVM is running with Unscaled Compressed Oops mode in which the Java heap is
#     placed in the first 4GB address space. The Java Heap base address is the
#     maximum limit for the native heap growth. Please use -XX:HeapBaseMinAddress
#     to set the Java Heap base and to place the Java Heap above 4GB virtual address.
# This output file may be truncated or incomplete.
#
#  Out of Memory Error (os_windows.cpp:3536), pid=23768, tid=8332
#
# JRE version:  (19.0.2+7) (build )
# Java VM: Java HotSpot(TM) 64-Bit Server VM (19.0.2+7-44, mixed mode, sharing, tiered, compressed oops, compressed class ptrs, g1 gc, windows-amd64)
# No core dump will be written. Minidumps are not enabled by default on client versions of Windows
#

---------------  S U M M A R Y ------------

Command Line: -Dfile.encoding=UTF-8 --module-path=C:\Users\User\Documents\NetBeansProjects\hotel\build\classes hotel.Register

Host: Intel(R) Core(TM) i5-6300U CPU @ 2.40GHz, 4 cores, 7G,  Windows 10 , 64 bit Build 19041 (10.0.19041.207)
Time: Tue Apr 25 18:04:51 2023 Pakistan Standard Time elapsed time: 0.022010 seconds (0d 0h 0m 0s)

---------------  T H R E A D  ---------------

Current thread (0x000001f77c8090c0):  JavaThread "Unknown thread" [_thread_in_vm, id=8332, stack(0x000000951df00000,0x000000951e000000)]

Stack: [0x000000951df00000,0x000000951e000000]
Native frames: (J=compiled Java code, j=interpreted, Vv=VM code, C=native code)
V  [jvm.dll+0x6ee21a]
V  [jvm.dll+0x85765e]
V  [jvm.dll+0x85904e]
V  [jvm.dll+0x859703]
V  [jvm.dll+0x28298f]
V  [jvm.dll+0x6eb009]
V  [jvm.dll+0x6dfbaa]
V  [jvm.dll+0x3573f6]
V  [jvm.dll+0x35ee56]
V  [jvm.dll+0x3b541e]
V  [jvm.dll+0x3b564f]
V  [jvm.dll+0x32c9ea]
V  [jvm.dll+0x32d89e]
V  [jvm.dll+0x821780]
V  [jvm.dll+0x3c2661]
V  [jvm.dll+0x801f51]
V  [jvm.dll+0x44ae8f]
V  [jvm.dll+0x44c811]
C  [jli.dll+0x5287]
C  [ucrtbase.dll+0x21542]
C  [KERNEL32.DLL+0x16fd4]
C  [ntdll.dll+0x4cec1]


---------------  P R O C E S S  ---------------

Threads class SMR info:
_java_thread_list=0x00007ffdba5ed048, length=0, elements={
}

Java Threads: ( => current thread )

Other Threads:
  0x000001f77c8696f0 WorkerThread "GC Thread#0" [stack: 0x000000951e000000,0x000000951e100000] [id=16760]
  0x000001f77c87a190 ConcurrentGCThread "G1 Main Marker" [stack: 0x000000951e100000,0x000000951e200000] [id=29340]
  0x000001f77c87ac60 WorkerThread "G1 Conc#0" [stack: 0x000000951e200000,0x000000951e300000] [id=27096]

[error occurred during error reporting (printing all threads), id 0xc0000005, EXCEPTION_ACCESS_VIOLATION (0xc0000005) at pc=0x00007ffdb9dad427]

VM state: not at safepoint (not fully initialized)

VM Mutex/Monitor currently owned by a thread:  ([mutex/lock_event])
[0x000001f77c806350] Heap_lock - owner thread: 0x000001f77c8090c0

Heap address: 0x0000000081e00000, size: 2018 MB, Compressed Oops mode: 32-bit

CDS archive(s) mapped at: [0x0000000000000000-0x0000000000000000-0x0000000000000000), size 0, SharedBaseAddress: 0x0000000800000000, ArchiveRelocationMode: 0.
Narrow klass base: 0x0000000000000000, Narrow klass shift: 0, Narrow klass range: 0x0

GC Precious Log:
 CardTable entry size: 512
 Card Set container configuration: InlinePtr #cards 5 size 8 Array Of Cards #cards 12 size 40 Howl #buckets 4 coarsen threshold 1843 Howl Bitmap #cards 512 size 80 coarsen threshold 460 Card regions per heap region 1 cards per card region 2048

Heap:
 garbage-first heap   total 0K, used 0K [0x0000000081e00000, 0x0000000100000000)
  region size 1024K, 0 young (0K), 0 survivors (0K)

[error occurred during error reporting (printing heap information), id 0xc0000005, EXCEPTION_ACCESS_VIOLATION (0xc0000005) at pc=0x00007ffdba1b6649]

GC Heap History (0 events):
No events

Dll operation events (1 events):
Event: 0.013 Loaded shared library C:\Program Files\Java\jdk-19\bin\java.dll

Deoptimization events (0 events):
No events

Classes loaded (0 events):
No events

Classes unloaded (0 events):
No events

Classes redefined (0 events):
No events

Internal exceptions (0 events):
No events

VM Operations (0 events):
No events

Events (0 events):
No events


Dynamic libraries:
0x00007ff79bf80000 - 0x00007ff79bf90000 	C:\Program Files\Java\jdk-19\bin\java.exe
0x00007ffe03bd0000 - 0x00007ffe03dc4000 	C:\Windows\SYSTEM32\ntdll.dll
0x00007ffe035e0000 - 0x00007ffe0369d000 	C:\Windows\System32\KERNEL32.DLL
0x00007ffe016b0000 - 0x00007ffe01977000 	C:\Windows\System32\KERNELBASE.dll
0x00007ffe01420000 - 0x00007ffe01520000 	C:\Windows\System32\ucrtbase.dll
0x00007ffdfc820000 - 0x00007ffdfc83b000 	C:\Program Files\Java\jdk-19\bin\VCRUNTIME140.dll
0x00007ffdf63b0000 - 0x00007ffdf63c8000 	C:\Program Files\Java\jdk-19\bin\jli.dll
0x00007ffe02910000 - 0x00007ffe029ba000 	C:\Windows\System32\ADVAPI32.dll
0x00007ffe02020000 - 0x00007ffe020be000 	C:\Windows\System32\msvcrt.dll
0x00007ffe02b00000 - 0x00007ffe02b9b000 	C:\Windows\System32\sechost.dll
0x00007ffe02780000 - 0x00007ffe028a3000 	C:\Windows\System32\RPCRT4.dll
0x00007ffe020c0000 - 0x00007ffe02260000 	C:\Windows\System32\USER32.dll
0x00007ffddc720000 - 0x00007ffddc9ba000 	C:\Windows\WinSxS\amd64_microsoft.windows.common-controls_6595b64144ccf1df_6.0.19041.1_none_b555e41d4684ddec\COMCTL32.dll
0x00007ffe01c10000 - 0x00007ffe01c32000 	C:\Windows\System32\win32u.dll
0x00007ffe037c0000 - 0x00007ffe037ea000 	C:\Windows\System32\GDI32.dll
0x00007ffe01a20000 - 0x00007ffe01b29000 	C:\Windows\System32\gdi32full.dll
0x00007ffe01980000 - 0x00007ffe01a1d000 	C:\Windows\System32\msvcp_win.dll
0x00007ffdef020000 - 0x00007ffdef02a000 	C:\Windows\SYSTEM32\VERSION.dll
0x00007ffe03b60000 - 0x00007ffe03b90000 	C:\Windows\System32\IMM32.DLL
0x00007ffdfcc60000 - 0x00007ffdfcc6c000 	C:\Program Files\Java\jdk-19\bin\vcruntime140_1.dll
0x00007ffdf9bb0000 - 0x00007ffdf9c3e000 	C:\Program Files\Java\jdk-19\bin\msvcp140.dll
0x00007ffdb9a70000 - 0x00007ffdba730000 	C:\Program Files\Java\jdk-19\bin\server\jvm.dll
0x00007ffdf6140000 - 0x00007ffdf6167000 	C:\Windows\SYSTEM32\WINMM.dll
0x00007ffde1700000 - 0x00007ffde1709000 	C:\Windows\SYSTEM32\WSOCK32.dll
0x00007ffe02c80000 - 0x00007ffe02ceb000 	C:\Windows\System32\WS2_32.dll
0x00007ffdffc20000 - 0x00007ffdffc33000 	C:\Windows\SYSTEM32\kernel.appcore.dll
0x00007ffdfc7a0000 - 0x00007ffdfc7aa000 	C:\Program Files\Java\jdk-19\bin\jimage.dll
0x00007ffdf65c0000 - 0x00007ffdf67a4000 	C:\Windows\SYSTEM32\DBGHELP.DLL
0x00007ffde4330000 - 0x00007ffde435c000 	C:\Windows\SYSTEM32\dbgcore.DLL
0x00007ffe01b30000 - 0x00007ffe01baf000 	C:\Windows\System32\bcryptPrimitives.dll
0x00007ffdfc7b0000 - 0x00007ffdfc7d6000 	C:\Program Files\Java\jdk-19\bin\java.dll

dbghelp: loaded successfully - version: 4.0.5 - missing functions: none
symbol engine: initialized successfully - sym options: 0x614 - pdb path: .;C:\Program Files\Java\jdk-19\bin;C:\Windows\SYSTEM32;C:\Windows\WinSxS\amd64_microsoft.windows.common-controls_6595b64144ccf1df_6.0.19041.1_none_b555e41d4684ddec;C:\Program Files\Java\jdk-19\bin\server

VM Arguments:
jvm_args: -Dfile.encoding=UTF-8 --module-path=C:\Users\User\Documents\NetBeansProjects\hotel\build\classes 
java_command: hotel.Register
java_class_path (initial): C:\Users\User\Downloads\mysql-connector-java-8.0.28.jar;C:\Users\User\Documents\NetBeansProjects\hotel\build\classes
Launcher Type: SUN_STANDARD

[Global flags]
     intx CICompilerCount                          = 3                                         {product} {ergonomic}
     uint ConcGCThreads                            = 1                                         {product} {ergonomic}
     uint G1ConcRefinementThreads                  = 4                                         {product} {ergonomic}
   size_t G1HeapRegionSize                         = 1048576                                   {product} {ergonomic}
    uintx GCDrainStackTargetSize                   = 64                                        {product} {ergonomic}
   size_t InitialHeapSize                          = 134217728                                 {product} {ergonomic}
   size_t MarkStackSize                            = 4194304                                   {product} {ergonomic}
   size_t MaxHeapSize                              = 2116026368                                {product} {ergonomic}
   size_t MinHeapDeltaBytes                        = 1048576                                   {product} {ergonomic}
   size_t MinHeapSize                              = 8388608                                   {product} {ergonomic}
    uintx NonNMethodCodeHeapSize                   = 5832780                                {pd product} {ergonomic}
    uintx NonProfiledCodeHeapSize                  = 122912730                              {pd product} {ergonomic}
    uintx ProfiledCodeHeapSize                     = 122912730                              {pd product} {ergonomic}
    uintx ReservedCodeCacheSize                    = 251658240                              {pd product} {ergonomic}
     bool SegmentedCodeCache                       = true                                      {product} {ergonomic}
   size_t SoftMaxHeapSize                          = 2116026368                             {manageable} {ergonomic}
     bool UseCompressedClassPointers               = true                           {product lp64_product} {ergonomic}
     bool UseCompressedOops                        = true                           {product lp64_product} {ergonomic}
     bool UseG1GC                                  = true                                      {product} {ergonomic}
     bool UseLargePagesIndividualAllocation        = false                                  {pd product} {ergonomic}

Logging:
Log output configuration:
 #0: stdout all=warning uptime,level,tags foldmultilines=false
 #1: stderr all=off uptime,level,tags foldmultilines=false

Environment Variables:
JAVA_HOME=C:\Program Files\Java
PATH=C:\Program Files\Common Files\Oracle\Java\javapath;C:\WINDOWS.X64_193000_db_home\bin;C:\Program Files (x86)\Common Files\Oracle\Java\javapath;C:\Windows\system32;C:\Windows;C:\Windows\System32\Wbem;C:\Windows\System32\WindowsPowerShell\v1.0\;C:\Windows\System32\OpenSSH\;C:\Users\User\AppData\Local\Programs\Python\Python311;C:\Program Files\Git\cmd;C:\Program Files\Java\jdk-19\bin;C:\Program Files\Common Files\Oracle\Java\javapath;C:\Program Files\MySQL\MySQL Shell 8.0\bin\;C:\Users\User\AppData\Local\Programs\Python\Python311\Scripts\;C:\Users\User\AppData\Local\Programs\Python\Python311\;C:\Users\User\AppData\Local\Microsoft\WindowsApps;C:\Users\User\AppData\Local\Programs\Python\Python311;C:\Users\User\AppData\Local\Programs\Python\Python311\Scripts;C:\Users\User\AppData\Local\Programs\Microsoft VS Code\bin;C:\Program Files\heroku\bin;C:\Program Files\JetBrains\IntelliJ IDEA Community Edition 2022.3.3\bin;
USERNAME=User
OS=Windows_NT
PROCESSOR_IDENTIFIER=Intel64 Family 6 Model 78 Stepping 3, GenuineIntel
TMP=C:\Users\User\AppData\Local\Temp
TEMP=C:\Users\User\AppData\Local\Temp



---------------  S Y S T E M  ---------------

OS:
 Windows 10 , 64 bit Build 19041 (10.0.19041.207)
OS uptime: 31 days 5:07 hours

CPU: total 4 (initial active 4) (2 cores per cpu, 2 threads per core) family 6 model 78 stepping 3 microcode 0xf0, cx8, cmov, fxsr, ht, mmx, 3dnowpref, sse, sse2, sse3, ssse3, sse4.1, sse4.2, popcnt, lzcnt, tsc, tscinvbit, avx, avx2, aes, erms, clmul, bmi1, bmi2, rtm, adx, fma, vzeroupper, clflush, clflushopt, rdtscp

Memory: 4k page, system-wide physical 8071M (980M free)
TotalPageFile size 32647M (AvailPageFile size 27M)
current process WorkingSet (physical memory assigned to process): 10M, peak: 10M
current process commit charge ("private bytes"): 52M, peak: 180M

vm_info: Java HotSpot(TM) 64-Bit Server VM (19.0.2+7-44) for windows-amd64 JRE (19.0.2+7-44), built on 2022-11-30T18:02:09Z by "mach5one" with MS VC++ 17.1 (VS2022)

END.
